<?xml version="1.0" encoding="utf-8"?><testsuites name="pytest tests"><testsuite name="pytest" errors="0" failures="0" skipped="0" tests="27" time="5.761" timestamp="2026-07-28T02:08:47.318377+00:00" hostname="agent-env-211d053f-c624-45dc-a3f9-64ad96460c79"><testcase classname="tests.test_flipschedule_api" name="test_health" time="0.379" /><testcase classname="tests.test_flipschedule_api" name="test_list_tenants_includes_seed" time="0.056" /><testcase classname="tests.test_flipschedule_api" name="test_get_tenant" time="0.071" /><testcase classname="tests.test_flipschedule_api" name="test_fake_tenant_404" time="0.059" /><testcase classname="tests.test_flipschedule_api" name="test_fake_tenant_scoped_404" time="0.050" /><testcase classname="tests.test_flipschedule_api" name="test_dashboard" time="0.055" /><testcase classname="tests.test_flipschedule_api" name="test_list_professionals" time="0.052" /><testcase classname="tests.test_flipschedule_api" name="test_crud_professional" time="0.168" /><testcase classname="tests.test_flipschedule_api" name="test_crud_resource" time="0.095" /><testcase classname="tests.test_flipschedule_api" name="test_list_procedures" time="0.068" /><testcase classname="tests.test_flipschedule_api" name="test_crud_procedure" time="0.151" /><testcase classname="tests.test_flipschedule_api" name="test_list_patients" time="0.053" /><testcase classname="tests.test_flipschedule_api" name="test_search_patients" time="0.051" /><testcase classname="tests.test_flipschedule_api" name="test_patient_detail" time="0.104" /><testcase classname="tests.test_flipschedule_api" name="test_create_patient_and_dedupe" time="0.107" /><testcase classname="tests.test_flipschedule_api" name="test_list_leads" time="0.053" /><testcase classname="tests.test_flipschedule_api" name="test_lead_stage_transitions" time="0.296" /><testcase classname="tests.test_flipschedule_api" name="test_list_appointments" time="0.051" /><testcase classname="tests.test_flipschedule_api" name="test_appointments_range" time="0.070" /><testcase classname="tests.test_flipschedule_api" name="test_appointment_create_conflict_update_delete" time="0.364" /><testcase classname="tests.test_flipschedule_api" name="test_list_treatment_plans" time="0.052" /><testcase classname="tests.test_flipschedule_api" name="test_create_plan_totals_and_send" time="0.154" /><testcase classname="tests.test_flipschedule_api" name="test_public_plan_view_and_accept" time="0.414" /><testcase classname="tests.test_flipschedule_api" name="test_public_plan_reject" time="0.264" /><testcase classname="tests.test_flipschedule_api" name="test_list_conversations_and_messages" time="0.101" /><testcase classname="tests.test_flipschedule_api" name="test_send_message_simulates_reply" time="1.708" /><testcase classname="tests.test_flipschedule_api" name="test_seed_idempotent" time="0.163" /></testsuite></testsuites>